
exo3_1.elf:     file format elf32-littlearm
exo3_1.elf
architecture: arm, flags 0x00000012:
EXEC_P, HAS_SYMS
start address 0x00002000

Program Header:
    LOAD off    0x00000054 vaddr 0x00002000 paddr 0x00002000 align 2**2
         filesz 0x00000120 memsz 0x00000120 flags rwx
private flags = 2: [APCS-32] [FPA float format] [has entry point]

Sections:
Idx Name          Size      VMA       LMA       File off  Algn  Flags
  0 .text         00000020  00002000  00002000  00000054  2**2  CONTENTS, ALLOC, LOAD, READONLY, CODE
  1 .data         00000000  00002120  00002120  00000174  2**0  CONTENTS, ALLOC, LOAD, DATA
  2 .sbss         00000000  00002120  00002120  00000174  2**0  CONTENTS
  3 .bss          00000000  00002120  00002120  00000174  2**0  ALLOC
  4 .stab         00000054  00000000  00000000  00000174  2**2  CONTENTS, READONLY, DEBUGGING
  5 .stabstr      0000000a  00000000  00000000  000001c8  2**0  CONTENTS, READONLY, DEBUGGING
  6 .stack        00000000  00080000  00080000  000001d2  2**0  CONTENTS
SYMBOL TABLE:
00002000 l    d  .text	00000000 
00002120 l    d  .data	00000000 
00002120 l    d  .sbss	00000000 
00002120 l    d  .bss	00000000 
00000000 l    d  .stab	00000000 
00000000 l    d  .stabstr	00000000 
00080000 l    d  .stack	00000000 
00000000 l    d  *ABS*	00000000 
00000000 l    d  *ABS*	00000000 
00000000 l    d  *ABS*	00000000 
00002014 l       .text	00000000 var
00002018 l       .text	00000000 var2
0000201c l       .text	00000000 res
00002010 l       .text	00000000 exit
00002120 g       *ABS*	00000000 _bss_end__
00002120 g       *ABS*	00000000 __bss_start__
00002120 g       *ABS*	00000000 __bss_end__
00002000 g       .text	00000000 _start
00002120 g       *ABS*	00000000 __bss_start
00002120 g       *ABS*	00000000 __end__
00002120 g       *ABS*	00000000 _edata
00002120 g       *ABS*	00000000 _end
00080000 g       .stack	00000000 _stack
00002120 g       .data	00000000 __data_start


